<?xml version="1.0" encoding="UTF-8"?>
<!-- Generated by org.testng.reporters.JUnitXMLReporter -->
<testsuite ignored="0" hostname="DESKTOP-CS660UK" failures="0" tests="4" name="Test" time="11.547" errors="0" timestamp="2024-07-08T23:56:17 CEST">
  <testcase classname="day42.OragneHRMTest" name="appopen" time="7.228"/>
  <testcase classname="day42.OragneHRMTest" name="logocheck" time="3.051"/>
  <testcase classname="day42.OragneHRMTest" name="login" time="1.065"/>
  <testcase classname="day42.OragneHRMTest" name="loguot" time="0.156"/>
</testsuite> <!-- Test -->
